<?xml version="1.0" encoding="UTF-8"?>
<testsuite name="calc.CalculatorTest" tests="2" skipped="0" failures="0" errors="0" timestamp="2020-12-01T03:45:25" hostname="192-168-1-141.tpgi.com.au" time="0.02">
  <properties/>
  <testcase name="testAdd()" classname="calc.CalculatorTest" time="0.018"/>
  <testcase name="testDiv()" classname="calc.CalculatorTest" time="0.002"/>
  <system-out><![CDATA[]]></system-out>
  <system-err><![CDATA[]]></system-err>
</testsuite>
